<?xml version="1.0" encoding="UTF-8"?>
<!-- Generated by org.testng.reporters.JUnitReportReporter -->
<testsuite skipped="0" hostname="hp" name="testScripts.SoftAssertionDemo" tests="1" failures="0" timestamp="18 Oct 2022 14:40:04 GMT" time="0.028" errors="0">
  <testcase name="titleAssert" time="0.028" classname="testScripts.SoftAssertionDemo"/>
</testsuite> <!-- testScripts.SoftAssertionDemo -->
