<?xml version="1.0" encoding="UTF-8"?>
<!-- Generated by org.testng.reporters.JUnitReportReporter -->
<testsuite skipped="0" hostname="hp" name="testScripts.DynamicTable" tests="1" failures="0" timestamp="25 Oct 2022 16:47:52 GMT" time="0.991" errors="0">
  <testcase name="printData" time="0.991" classname="testScripts.DynamicTable"/>
</testsuite> <!-- testScripts.DynamicTable -->
