<?xml version="1.0" encoding="UTF-8"?>
<!-- Generated by org.testng.reporters.JUnitReportReporter -->
<testsuite skipped="0" hostname="hp" name="testScripts.GroupingDemo" tests="2" failures="0" timestamp="21 Oct 2022 01:59:24 GMT" time="2.179" errors="0">
  <testcase name="chkTitle" time="0.907" classname="testScripts.GroupingDemo"/>
  <testcase name="showMessage" time="1.272" classname="testScripts.GroupingDemo"/>
</testsuite> <!-- testScripts.GroupingDemo -->
