<?xml version="1.0" encoding="UTF-8"?>
<!-- Generated by org.testng.reporters.JUnitReportReporter -->
<testsuite skipped="0" hostname="hp" name="testScripts.PrintTableDataDemo" tests="1" failures="0" timestamp="21 Oct 2022 17:49:33 GMT" time="0.918" errors="0">
  <testcase name="printData" time="0.918" classname="testScripts.PrintTableDataDemo"/>
</testsuite> <!-- testScripts.PrintTableDataDemo -->
