<?xml version="1.0" encoding="UTF-8"?>
<!-- Generated by org.testng.reporters.JUnitReportReporter -->
<testsuite skipped="0" hostname="hp" name="testScripts.DataproviderDemo" tests="3" failures="0" timestamp="18 Oct 2022 11:55:30 GMT" time="0.020" errors="0">
  <testcase name="search" time="0.016" classname="testScripts.DataproviderDemo"/>
  <testcase name="search" time="0.002" classname="testScripts.DataproviderDemo"/>
  <testcase name="search" time="0.002" classname="testScripts.DataproviderDemo"/>
</testsuite> <!-- testScripts.DataproviderDemo -->
