<?xml version="1.0" encoding="UTF-8"?>
<!-- Generated by org.testng.reporters.JUnitReportReporter -->
<testsuite skipped="0" hostname="hp" name="testScripts.DataproviderDemo" tests="3" failures="0" timestamp="29 Oct 2022 17:56:12 GMT" time="0.027" errors="0">
  <testcase name="search" time="0.008" classname="testScripts.DataproviderDemo"/>
  <testcase name="search" time="0.003" classname="testScripts.DataproviderDemo"/>
  <testcase name="search" time="0.016" classname="testScripts.DataproviderDemo"/>
</testsuite> <!-- testScripts.DataproviderDemo -->
