<?xml version="1.0" encoding="UTF-8"?>
<!-- Generated by org.testng.reporters.JUnitReportReporter -->
<testsuite skipped="0" hostname="hp" name="testScripts.CrossBrowserDemo" tests="2" failures="0" timestamp="17 Oct 2022 07:30:56 GMT" time="0.026" errors="0">
  <testcase name="browserchk" time="0.019" classname="testScripts.CrossBrowserDemo"/>
  <testcase name="browserchk" time="0.007" classname="testScripts.CrossBrowserDemo"/>
</testsuite> <!-- testScripts.CrossBrowserDemo -->
