<?xml version="1.0" encoding="UTF-8"?>
<!-- Generated by org.testng.reporters.JUnitReportReporter -->
<testsuite skipped="0" hostname="hp" name="testScripts.ExtentReportDemo" tests="1" failures="0" timestamp="2022-11-01T06:53:41 IST" time="7.602" errors="0">
  <testcase name="reportDemo" time="7.602" classname="testScripts.ExtentReportDemo"/>
  <system-out/>
</testsuite> <!-- testScripts.ExtentReportDemo -->
