<?xml version="1.0" encoding="UTF-8"?>
<!-- Generated by org.testng.reporters.JUnitReportReporter -->
<testsuite skipped="0" hostname="hp" name="com.obsqura.scripts.SimpleFormScript" tests="1" failures="0" timestamp="20 Oct 2022 15:57:03 GMT" time="0.464" errors="0">
  <testcase name="testInputForm" time="0.464" classname="com.obsqura.scripts.SimpleFormScript"/>
</testsuite> <!-- com.obsqura.scripts.SimpleFormScript -->
